<?xml version="1.0" encoding="UTF-8"?>
<coverage generated="1518520214106" clover="3.2.0">
  <project timestamp="1518520214106" name="All files">
    <metrics statements="3" coveredstatements="2" conditionals="0" coveredconditionals="0" methods="2" coveredmethods="1" elements="5" coveredelements="3" complexity="0" loc="3" ncloc="3" packages="1" files="1" classes="1">
      <file name="calculator.js" path="/Users/tkmagesh/Documents/Training/Node-Siemens-Feb-2018/16-testing/calculator.js">
        <metrics statements="3" coveredstatements="2" conditionals="0" coveredconditionals="0" methods="2" coveredmethods="1"/>
        <line num="1" count="1" type="stmt"/>
        <line num="3" count="1" type="stmt"/>
        <line num="6" count="0" type="stmt"/>
      </file>
    </metrics>
  </project>
</coverage>
